<?xml version="1.0" encoding="UTF-8"?>
<testng-results skipped="0" failed="0" total="1" passed="1">
  <reporter-output>
  </reporter-output>
  <suite name="Default suite" duration-ms="30168" started-at="2018-06-25T10:38:22Z" finished-at="2018-06-25T10:38:53Z">
    <groups>
    </groups>
    <test name="Default test" duration-ms="30168" started-at="2018-06-25T10:38:22Z" finished-at="2018-06-25T10:38:53Z">
      <class name="SeleniumAd.org.SelMaven.NewTest">
        <test-method status="PASS" signature="beforeTest()[pri:0, instance:SeleniumAd.org.SelMaven.NewTest@26653222]" name="beforeTest" is-config="true" duration-ms="26282" started-at="2018-06-25T16:08:22Z" finished-at="2018-06-25T16:08:49Z">
          <reporter-output>
          </reporter-output>
        </test-method> <!-- beforeTest -->
        <test-method status="PASS" signature="f(java.lang.String, java.lang.String)[pri:0, instance:SeleniumAd.org.SelMaven.NewTest@26653222]" name="f" duration-ms="3084" started-at="2018-06-25T16:08:50Z" data-provider="logindata" finished-at="2018-06-25T16:08:53Z">
          <params>
            <param index="0">
              <value>
                <![CDATA[srish]]>
              </value>
            </param>
            <param index="1">
              <value>
                <![CDATA[ss]]>
              </value>
            </param>
          </params>
          <reporter-output>
          </reporter-output>
        </test-method> <!-- f -->
        <test-method status="PASS" signature="afterTest()[pri:0, instance:SeleniumAd.org.SelMaven.NewTest@26653222]" name="afterTest" is-config="true" duration-ms="0" started-at="2018-06-25T16:08:53Z" finished-at="2018-06-25T16:08:53Z">
          <reporter-output>
          </reporter-output>
        </test-method> <!-- afterTest -->
      </class> <!-- SeleniumAd.org.SelMaven.NewTest -->
    </test> <!-- Default test -->
  </suite> <!-- Default suite -->
</testng-results>
